0 info it worked if it ends with ok
1 verbose cli [ '/usr/local/bin/node',
1 verbose cli   '/usr/local/bin/npm',
1 verbose cli   'install',
1 verbose cli   'heroku-toolbelt' ]
2 info using npm@2.14.7
3 info using node@v4.2.1
4 verbose install initial load of /Users/clearvalleys/Hubot/package.json
5 verbose installManyTop reading scoped package data from /Users/clearvalleys/Hubot/node_modules/hubot/package.json
6 verbose installManyTop reading scoped package data from /Users/clearvalleys/Hubot/node_modules/hubot-diagnostics/package.json
7 verbose installManyTop reading scoped package data from /Users/clearvalleys/Hubot/node_modules/hubot-google-images/package.json
8 verbose installManyTop reading scoped package data from /Users/clearvalleys/Hubot/node_modules/hubot-google-translate/package.json
9 verbose installManyTop reading scoped package data from /Users/clearvalleys/Hubot/node_modules/hubot-help/package.json
10 verbose installManyTop reading scoped package data from /Users/clearvalleys/Hubot/node_modules/hubot-heroku-keepalive/package.json
11 verbose installManyTop reading scoped package data from /Users/clearvalleys/Hubot/node_modules/hubot-maps/package.json
12 verbose installManyTop reading scoped package data from /Users/clearvalleys/Hubot/node_modules/hubot-pugme/package.json
13 verbose installManyTop reading scoped package data from /Users/clearvalleys/Hubot/node_modules/hubot-redis-brain/package.json
14 verbose installManyTop reading scoped package data from /Users/clearvalleys/Hubot/node_modules/hubot-rules/package.json
15 verbose installManyTop reading scoped package data from /Users/clearvalleys/Hubot/node_modules/hubot-scripts/package.json
16 verbose installManyTop reading scoped package data from /Users/clearvalleys/Hubot/node_modules/hubot-shipit/package.json
17 verbose installManyTop reading scoped package data from /Users/clearvalleys/Hubot/node_modules/hubot-slack/package.json
18 info package.json hubot-scripts@2.16.2 No license field.
19 verbose readDependencies loading dependencies from /Users/clearvalleys/Hubot/package.json
20 silly cache add args [ 'heroku-toolbelt', null ]
21 verbose cache add spec heroku-toolbelt
22 silly cache add parsed spec Result {
22 silly cache add   raw: 'heroku-toolbelt',
22 silly cache add   scope: null,
22 silly cache add   name: 'heroku-toolbelt',
22 silly cache add   rawSpec: '',
22 silly cache add   spec: '*',
22 silly cache add   type: 'range' }
23 silly addNamed heroku-toolbelt@*
24 verbose addNamed "*" is a valid semver range for heroku-toolbelt
25 silly addNameRange { name: 'heroku-toolbelt', range: '*', hasData: false }
26 silly mapToRegistry name heroku-toolbelt
27 silly mapToRegistry using default registry
28 silly mapToRegistry registry https://registry.npmjs.org/
29 silly mapToRegistry uri https://registry.npmjs.org/heroku-toolbelt
30 verbose addNameRange registry:https://registry.npmjs.org/heroku-toolbelt not in flight; fetching
31 verbose request uri https://registry.npmjs.org/heroku-toolbelt
32 verbose request no auth needed
33 info attempt registry request try #1 at 11:35:21 PM
34 verbose request id a7ee0a9a39f875b3
35 http request GET https://registry.npmjs.org/heroku-toolbelt
36 http 404 https://registry.npmjs.org/heroku-toolbelt
37 verbose headers { 'content-type': 'application/json',
37 verbose headers   'cache-control': 'max-age=0',
37 verbose headers   'content-length': '2',
37 verbose headers   'accept-ranges': 'bytes',
37 verbose headers   date: 'Thu, 29 Oct 2015 14:35:22 GMT',
37 verbose headers   via: '1.1 varnish',
37 verbose headers   age: '0',
37 verbose headers   connection: 'keep-alive',
37 verbose headers   'x-served-by': 'cache-nrt6132-NRT',
37 verbose headers   'x-cache': 'MISS',
37 verbose headers   'x-cache-hits': '0',
37 verbose headers   'x-timer': 'S1446129322.711407,VS0,VE147' }
38 silly get cb [ 404,
38 silly get   { 'content-type': 'application/json',
38 silly get     'cache-control': 'max-age=0',
38 silly get     'content-length': '2',
38 silly get     'accept-ranges': 'bytes',
38 silly get     date: 'Thu, 29 Oct 2015 14:35:22 GMT',
38 silly get     via: '1.1 varnish',
38 silly get     age: '0',
38 silly get     connection: 'keep-alive',
38 silly get     'x-served-by': 'cache-nrt6132-NRT',
38 silly get     'x-cache': 'MISS',
38 silly get     'x-cache-hits': '0',
38 silly get     'x-timer': 'S1446129322.711407,VS0,VE147' } ]
39 verbose stack Error: Registry returned 404 for GET on https://registry.npmjs.org/heroku-toolbelt
39 verbose stack     at makeError (/usr/local/lib/node_modules/npm/node_modules/npm-registry-client/lib/request.js:264:12)
39 verbose stack     at CachingRegistryClient.<anonymous> (/usr/local/lib/node_modules/npm/node_modules/npm-registry-client/lib/request.js:242:14)
39 verbose stack     at Request._callback (/usr/local/lib/node_modules/npm/node_modules/npm-registry-client/lib/request.js:172:14)
39 verbose stack     at Request.self.callback (/usr/local/lib/node_modules/npm/node_modules/request/request.js:198:22)
39 verbose stack     at emitTwo (events.js:87:13)
39 verbose stack     at Request.emit (events.js:172:7)
39 verbose stack     at Request.<anonymous> (/usr/local/lib/node_modules/npm/node_modules/request/request.js:1063:14)
39 verbose stack     at emitOne (events.js:82:20)
39 verbose stack     at Request.emit (events.js:169:7)
39 verbose stack     at IncomingMessage.<anonymous> (/usr/local/lib/node_modules/npm/node_modules/request/request.js:1009:12)
40 verbose statusCode 404
41 verbose pkgid heroku-toolbelt
42 verbose cwd /Users/clearvalleys/Hubot
43 error Darwin 15.0.0
44 error argv "/usr/local/bin/node" "/usr/local/bin/npm" "install" "heroku-toolbelt"
45 error node v4.2.1
46 error npm  v2.14.7
47 error code E404
48 error 404 Registry returned 404 for GET on https://registry.npmjs.org/heroku-toolbelt
48 error 404
48 error 404 'heroku-toolbelt' is not in the npm registry.
48 error 404 You should bug the author to publish it (or use the name yourself!)
48 error 404 It was specified as a dependency of 'hubot'
48 error 404
48 error 404 Note that you can also install from a
48 error 404 tarball, folder, http url, or git url.
49 verbose exit [ 1, true ]
